4804
0 0 0 7
0 8 1 11
0 12 0 19
0 20 7 20
0 21 1 24
0 25 7 25
0 26 1 29
0 30 7 30
0 31 1 34
0 37 0 44
0 45 3 46
0 47 3 48
0 49 1 52
0 53 1 56
0 57 7 57
0 59 3 60
0 62 0 69
0 70 0 77
0 78 1 81
0 82 0 89
0 90 0 97
0 99 7 99
0 100 0 107
0 109 7 109
0 110 3 111
0 113 1 116
0 117 3 118
0 119 0 126
0 127 7 127
0 128 0 135
0 136 0 143
0 144 0 151
0 153 7 153
0 154 7 154
0 157 0 164
0 166 0 173
0 174 3 175
0 176 3 177
0 178 1 181
0 183 7 183
0 184 7 184
0 185 3 186
0 189 1 192
0 197 7 197
0 199 0 206
0 207 3 208
0 209 3 210
0 212 0 219
0 220 3 221
0 222 1 225
0 227 0 234
0 237 3 238
0 239 1 242
0 243 7 243
0 244 3 245
0 247 7 247
1 0 4 1
1 2 2 5
1 13 4 14
1 15 4 16
1 17 4 18
1 35 1 42
1 43 8 43
1 62 1 69
1 74 2 77
1 82 1 89
1 90 4 91
1 92 4 93
1 94 2 97
1 98 8 98
1 100 4 101
1 102 4 103
1 119 2 122
1 123 2 126
1 129 8 129
1 130 4 131
1 133 8 133
1 134 1 141
1 144 2 147
1 148 8 148
1 151 4 152
1 156 4 157
1 158 1 165
1 166 4 167
1 168 2 171
1 172 4 173
1 187 8 187
1 199 8 199
1 202 8 202
1 205 4 206
1 211 2 214
1 217 4 218
1 227 2 230
1 231 8 231
1 232 4 233
1 235 4 236
1 248 4 249
2 6 9 6
2 9 3 12
2 21 9 21
2 22 5 23
2 27 5 28
2 34 9 34
2 36 3 39
2 41 9 41
2 44 9 44
2 49 3 52
2 53 9 53
2 55 5 56
2 58 9 58
2 61 3 64
2 65 9 65
2 68 9 68
2 71 5 72
2 73 9 73
2 78 2 85
2 89 9 89
2 105 3 108
2 113 3 116
2 132 9 132
2 134 5 135
2 136 2 143
2 158 2 165
2 179 5 180
2 181 9 181
2 188 3 191
2 192 9 192
2 198 9 198
2 201 9 201
2 203 5 204
2 234 9 234
2 240 5 241
2 246 9 246
3 4 6 5
3 7 10 7
3 8 10 8
3 29 10 29
3 31 6 32
3 75 6 76
3 77 10 77
3 78 4 81
3 82 10 82
3 87 10 87
3 88 10 88
3 95 6 96
3 120 10 120
3 123 10 123
3 124 6 125
3 126 10 126
3 137 4 140
3 142 10 142
3 143 10 143
3 144 6 145
3 146 10 146
3 150 10 150
3 158 3 165
3 168 4 171
3 193 4 196
3 213 4 216
3 219 10 219
3 222 4 225
3 226 4 229
4 2 11 2
4 9 7 10
4 11 11 11
4 24 11 24
4 35 5 38
4 39 7 40
4 46 5 49
4 59 7 60
4 61 7 62
4 63 11 63
4 74 11 74
4 84 11 84
4 85 11 85
4 94 11 94
4 110 4 117
4 118 7 119
4 128 11 128
4 164 11 164
4 165 11 165
4 175 5 178
4 189 7 190
4 200 11 200
4 208 5 211
4 242 11 242
4 245 11 245
5 0 12 0
5 3 12 3
5 13 8 14
5 15 12 15
5 16 6 19
5 42 12 42
5 45 12 45
5 52 12 52
5 66 12 66
5 81 12 81
5 83 12 83
5 92 8 93
5 100 8 101
5 104 12 104
5 105 12 105
5 107 12 107
5 110 5 117
5 121 8 122
5 130 12 130
5 131 12 131
5 136 6 139
5 151 8 152
5 155 12 155
5 156 5 163
5 167 6 170
5 171 12 171
5 186 12 186
5 193 12 193
5 194 12 194
5 205 12 205
5 206 8 207
5 212 8 213
5 218 12 218
5 220 6 223
5 224 12 224
5 228 8 229
5 232 12 232
5 237 12 237
5 239 12 239
6 27 9 28
6 35 13 35
6 46 13 46
6 48 9 49
6 50 13 50
6 51 13 51
6 54 9 55
6 79 9 80
6 112 7 115
6 116 13 116
6 117 13 117
6 134 13 134
6 149 13 149
6 156 7 159
6 161 13 161
6 163 13 163
6 166 13 166
6 172 6 179
6 195 9 196
6 203 13 203
6 204 13 204
6 208 13 208
6 210 9 211
6 214 9 215
6 217 13 217
6 226 9 227
6 236 13 236
6 240 13 240
7 5 14 5
7 16 10 17
7 18 10 19
7 31 14 31
7 32 14 32
7 33 14 33
7 36 10 37
7 56 14 56
7 75 10 76
7 86 14 86
7 95 10 96
7 124 10 125
7 135 8 138
7 140 14 140
7 144 14 144
7 162 14 162
7 168 14 168
7 172 7 179
7 222 10 223
8 20 15 20
8 22 15 22
8 25 11 26
8 38 11 39
8 59 15 59
8 62 15 62
8 64 15 64
8 71 11 72
8 91 15 91
8 108 8 115
8 127 15 127
8 139 15 139
8 141 15 141
8 156 9 159
8 169 11 170
8 174 11 175
8 180 15 180
8 182 9 185
8 188 11 189
8 233 15 233
8 244 15 244
8 248 15 248
8 249 15 249
9 1 16 1
9 12 16 12
9 30 16 30
9 60 16 60
9 92 16 92
9 101 12 102
9 106 16 106
9 111 16 111
9 112 12 113
9 121 16 121
9 122 16 122
9 136 12 137
9 147 12 148
9 153 16 153
9 172 12 173
9 190 12 191
9 199 16 199
9 206 12 207
9 212 16 212
9 228 16 228
9 230 12 231
9 235 16 235
9 247 16 247
10 10 17 10
10 27 13 28
10 34 17 34
10 43 17 43
10 47 13 48
10 53 13 54
10 58 17 58
10 61 17 61
10 67 11 70
10 73 17 73
10 97 11 100
10 114 17 114
10 132 17 132
10 145 17 145
10 156 13 157
10 176 13 177
10 184 13 185
10 195 11 198
10 209 17 209
10 210 17 210
10 211 17 211
10 214 17 214
11 6 12 9
11 55 18 55
11 75 12 78
11 80 18 80
11 87 18 87
11 88 14 89
11 90 18 90
11 95 14 96
11 109 18 109
11 110 18 110
11 123 14 124
11 125 18 125
11 126 18 126
11 142 14 143
11 146 18 146
11 151 14 152
11 167 18 167
11 181 14 182
11 192 18 192
11 201 14 202
11 219 12 222
11 229 18 229
11 243 18 243
12 17 19 17
12 19 19 19
12 24 19 24
12 26 19 26
12 37 13 40
12 44 19 44
12 57 19 57
12 69 19 69
12 70 19 70
12 97 19 97
12 99 19 99
12 119 19 119
12 154 19 154
12 158 19 158
12 160 19 160
12 164 15 165
12 170 19 170
12 174 15 175
12 188 19 188
12 195 19 195
12 238 19 238
12 241 15 242
12 245 19 245
13 2 16 3
13 6 14 9
13 11 20 11
13 14 16 15
13 41 16 42
13 52 20 52
13 65 14 68
13 71 16 72
13 74 14 77
13 93 20 93
13 94 20 94
13 101 16 102
13 104 16 105
13 128 16 129
13 135 14 138
13 148 20 148
13 172 20 172
13 186 16 187
13 189 16 190
13 191 20 191
13 197 20 197
13 205 16 206
13 215 16 216
13 218 13 225
14 23 21 23
14 27 21 27
14 36 15 39
14 46 17 47
14 48 15 51
14 53 21 53
14 81 21 81
14 100 21 100
14 113 21 113
14 115 15 118
14 130 21 130
14 133 17 134
14 149 21 149
14 156 17 157
14 169 21 169
14 171 21 171
14 176 17 177
14 179 21 179
14 184 17 185
14 193 21 193
14 198 21 198
14 207 17 208
14 218 15 221
14 223 17 224
14 225 17 226
14 239 17 240
15 4 16 7
15 9 22 9
15 25 22 25
15 31 18 32
15 35 22 35
15 66 22 66
15 85 18 86
15 88 22 88
15 107 22 107
15 112 22 112
15 123 18 124
15 135 22 135
15 151 22 151
15 162 18 163
15 173 22 173
15 182 22 182
15 194 22 194
15 203 18 204
15 213 22 213
15 217 22 217
15 222 22 222
15 230 22 230
15 246 22 246
16 38 19 39
16 40 23 40
16 48 17 51
16 54 23 54
16 62 19 63
16 65 23 65
16 74 23 74
16 84 23 84
16 89 23 89
16 108 23 108
16 115 19 116
16 117 19 118
16 136 16 143
16 144 23 144
16 150 23 150
16 155 23 155
16 164 23 164
16 174 19 175
16 180 19 181
16 219 19 220
16 221 23 221
16 232 19 233
16 236 19 237
16 248 19 249
17 0 18 3
17 4 18 7
17 8 24 8
17 18 24 18
17 20 24 20
17 36 20 37
17 41 24 41
17 56 24 56
17 60 24 60
17 67 24 67
17 75 20 76
17 77 24 77
17 79 24 79
17 82 24 82
17 101 18 104
17 105 20 106
17 120 20 121
17 127 20 128
17 136 17 143
17 159 24 159
17 166 24 166
17 178 24 178
17 189 24 189
17 200 24 200
17 216 24 216
17 234 24 234
18 12 21 13
18 30 25 30
18 42 25 42
18 43 25 43
18 45 19 48
18 49 21 50
18 51 25 51
18 58 25 58
18 61 25 61
18 91 21 92
18 98 25 98
18 131 25 131
18 133 25 133
18 136 19 139
18 140 25 140
18 141 25 141
18 143 25 143
18 183 25 183
18 184 21 185
18 196 25 196
18 199 25 199
18 201 25 201
18 206 21 207
18 218 25 218
18 223 25 223
18 225 25 225
18 227 21 228
18 239 19 242
19 0 20 3
19 4 26 4
19 5 26 5
19 6 26 6
19 10 26 10
19 21 22 22
19 31 20 34
19 71 22 72
19 78 26 78
19 85 22 86
19 95 26 95
19 96 26 96
19 101 20 104
19 110 26 110
19 122 20 125
19 132 26 132
19 145 22 146
19 153 26 153
19 161 26 161
19 163 26 163
19 192 26 192
19 202 26 202
19 203 22 204
19 208 26 208
19 210 22 211
20 14 21 17
20 19 27 19
20 26 27 26
20 44 23 45
20 62 23 63
20 99 27 99
20 109 27 109
20 114 23 115
20 136 21 139
20 147 27 147
20 156 23 157
20 162 27 162
20 168 27 168
20 175 27 175
20 180 23 181
20 187 27 187
20 205 27 205
20 214 23 215
20 236 20 243
20 245 27 245
20 248 23 249
21 0 22 3
21 31 28 31
21 33 28 33
21 36 22 39
21 59 28 59
21 73 28 73
21 75 24 76
21 87 28 87
21 94 28 94
21 103 24 104
21 105 28 105
21 111 28 111
21 119 22 122
21 123 28 123
21 148 28 148
21 158 28 158
21 167 28 167
21 172 28 172
21 190 24 191
21 212 28 212
21 220 28 220
21 235 28 235
21 237 24 238
21 239 24 240
21 241 28 241
22 11 29 11
22 13 29 13
22 14 25 15
22 17 29 17
22 23 25 24
22 48 25 49
22 52 29 52
22 53 29 53
22 64 29 64
22 80 25 81
22 90 25 91
22 97 29 97
22 100 29 100
22 101 25 102
22 128 29 128
22 129 25 130
22 138 25 139
22 142 29 142
22 149 29 149
22 171 29 171
22 185 25 186
22 188 29 188
22 193 29 193
22 229 29 229
22 231 25 232
22 244 29 244
23 7 30 7
23 16 30 16
23 27 30 27
23 32 30 32
23 35 24 38
23 66 30 66
23 68 24 71
23 85 26 86
23 112 30 112
23 118 24 121
23 122 30 122
23 125 26 126
23 134 24 137
23 165 30 165
23 169 26 170
23 176 30 176
23 177 30 177
23 194 26 195
23 206 26 207
23 209 30 209
23 210 30 210
23 213 30 213
23 242 26 243
24 44 25 47
24 62 31 62
24 88 31 88
24 92 27 93
24 106 27 107
24 114 31 114
24 117 31 117
24 151 27 152
24 155 31 155
24 156 27 157
24 173 27 174
24 197 31 197
24 214 27 215
24 233 31 233
24 246 27 247
25 12 32 12
25 18 32 18
25 20 28 21
25 25 32 25
25 34 26 37
25 41 32 41
25 56 28 57
25 69 26 72
25 76 28 77
25 82 28 83
25 104 32 104
25 119 28 120
25 134 26 137
25 145 28 146
25 154 32 154
25 180 28 181
25 182 32 182
25 189 28 190
25 216 28 217
25 219 32 219
25 227 32 227
25 230 32 230
25 248 28 249
26 0 33 0
26 30 33 30
26 43 29 44
26 45 33 45
26 46 33 46
26 47 33 47
26 49 33 49
26 58 33 58
26 84 33 84
26 89 33 89
26 91 33 91
26 127 33 127
26 130 33 130
26 138 33 138
26 183 27 186
26 203 33 203
26 211 33 211
26 218 33 218
26 223 27 226
26 237 33 237
27 3 28 6
27 8 30 9
27 15 34 15
27 22 30 23
27 28 30 29
27 36 34 36
27 37 34 37
27 38 30 39
27 40 34 40
27 48 34 48
27 61 34 61
27 68 28 71
27 72 34 72
27 78 30 79
27 95 34 95
27 96 34 96
27 101 30 102
27 103 34 103
27 118 34 118
27 121 34 121
27 125 34 125
27 135 30 136
27 143 30 144
27 150 34 150
27 163 34 163
27 170 34 170
27 179 34 179
27 194 30 195
27 206 30 207
27 228 34 228
27 231 30 232
27 242 30 243
28 26 35 26
28 50 31 51
28 74 31 75
28 80 35 80
28 85 35 85
28 92 35 92
28 106 31 107
28 109 31 110
28 116 35 116
28 132 31 133
28 139 31 140
28 151 31 152
28 156 31 157
28 161 31 162
28 173 31 174
28 183 31 184
28 186 35 186
28 221 35 221
28 224 35 224
28 226 35 226
28 234 35 234
28 239 31 240
28 245 31 246
29 1 32 2
29 3 30 6
29 10 36 10
29 31 36 31
29 34 36 34
29 42 36 42
29 54 32 55
29 56 32 57
29 63 36 63
29 67 30 70
29 76 36 76
29 93 36 93
29 94 36 94
29 98 36 98
29 120 36 120
29 134 36 134
29 141 36 141
29 145 30 148
29 159 36 159
29 168 32 169
29 178 36 178
29 180 32 181
29 189 30 192
29 198 30 201
29 214 30 217
29 220 36 220
30 11 37 11
30 19 37 19
30 20 37 20
30 33 37 33
30 44 37 44
30 59 33 60
30 82 37 82
30 86 33 87
30 97 37 97
30 108 37 108
30 111 37 111
30 128 37 128
30 137 37 137
30 142 37 142
30 187 33 188
30 204 33 205
30 244 37 244
30 249 37 249
31 23 38 23
31 28 38 28
31 32 38 32
31 38 34 39
31 43 38 43
31 64 32 67
31 68 32 71
31 100 34 101
31 102 38 102
31 122 34 123
31 124 38 124
31 131 38 131
31 135 34 136
31 145 34 146
31 165 34 166
31 191 38 191
31 194 34 195
31 200 34 201
31 207 38 207
31 214 34 215
31 216 34 217
31 231 34 232
31 242 38 242
32 3 33 6
32 7 39 7
32 14 39 14
32 50 35 51
32 77 39 77
32 79 39 79
32 83 39 83
32 106 39 106
32 107 39 107
32 109 39 109
32 117 39 117
32 129 39 129
32 143 39 143
32 157 35 158
32 160 39 160
32 171 33 174
32 189 35 190
32 193 39 193
32 197 35 198
32 212 35 213
32 222 39 222
32 229 39 229
32 239 35 240
32 245 33 248
33 1 40 1
33 2 40 2
33 8 40 8
33 12 40 12
33 24 36 25
33 27 40 27
33 53 34 56
33 66 40 66
33 67 40 67
33 88 40 88
33 112 34 115
33 140 40 140
33 151 40 151
33 152 34 155
33 196 40 196
33 209 40 209
33 230 40 230
33 243 40 243
34 6 41 6
34 9 41 9
34 22 41 22
34 41 41 41
34 47 41 47
34 49 41 49
34 52 41 52
34 59 37 60
34 64 41 64
34 65 41 65
34 68 37 69
34 126 37 127
34 138 37 139
34 149 41 149
34 171 35 174
34 182 41 182
34 202 35 205
34 206 41 206
34 208 41 208
34 210 37 211
34 235 35 238
34 246 41 246
34 247 41 247
35 13 42 13
35 17 42 17
35 18 42 18
35 30 42 30
35 35 42 35
35 36 38 37
35 38 38 39
35 53 36 56
35 58 42 58
35 71 38 72
35 73 38 74
35 89 38 90
35 99 38 100
35 112 42 112
35 121 38 122
35 133 42 133
35 135 42 135
35 136 42 136
35 144 36 147
35 148 42 148
35 152 42 152
35 154 38 155
35 161 36 164
35 165 36 168
35 169 38 170
35 175 38 176
35 179 42 179
35 180 38 181
35 187 38 188
35 200 42 200
35 214 36 217
35 219 42 219
35 223 42 223
35 228 42 228
35 232 38 233
35 241 42 241
35 248 42 248
36 50 39 51
36 75 43 75
36 78 43 78
36 80 43 80
36 85 43 85
36 101 43 101
36 103 39 104
36 110 43 110
36 123 43 123
36 125 43 125
36 130 43 130
36 156 39 157
36 171 37 174
36 183 37 186
36 197 39 198
36 201 37 204
36 205 43 205
36 226 43 226
36 231 43 231
36 234 43 234
36 235 37 238
37 3 44 3
37 15 44 15
37 25 44 25
37 29 44 29
37 34 44 34
37 54 38 57
37 63 44 63
37 76 44 76
37 91 40 92
37 93 38 96
37 145 44 145
37 147 44 147
37 161 37 168
37 177 40 178
37 213 38 216
37 217 40 218
37 220 40 221
37 239 40 240
38 4 41 5
38 10 41 11
38 19 41 20
38 42 45 42
38 44 41 45
38 53 45 53
38 59 41 60
38 68 45 68
38 69 41 70
38 105 45 105
38 108 45 108
38 116 45 116
38 127 41 128
38 137 45 137
38 138 41 139
38 158 41 159
38 161 39 164
38 165 41 166
38 168 45 168
38 172 41 173
38 183 41 184
38 194 45 194
38 202 41 203
38 210 45 210
38 224 45 224
38 235 41 236
38 237 45 237
38 238 45 238
38 249 45 249
39 16 46 16
39 31 42 32
39 33 46 33
39 37 42 38
39 43 46 43
39 54 42 55
39 62 46 62
39 89 42 90
39 93 42 94
39 96 40 99
39 111 46 111
39 114 46 114
39 115 46 115
39 118 40 121
39 124 46 124
39 153 42 154
39 155 46 155
39 169 46 169
39 170 42 171
39 176 46 176
39 187 40 190
39 191 42 192
39 207 46 207
39 211 46 211
39 213 42 214
39 227 46 227
39 242 46 242
40 28 47 28
40 39 47 39
40 46 47 46
40 71 43 72
40 77 47 77
40 81 41 84
40 86 43 87
40 102 47 102
40 103 47 103
40 106 47 106
40 107 47 107
40 109 47 109
40 131 47 131
40 156 43 157
40 160 47 160
40 163 47 163
40 167 47 167
40 186 47 186
40 198 47 198
40 201 47 201
40 222 47 222
41 1 44 2
41 7 44 8
41 12 48 12
41 27 48 27
41 36 48 36
41 50 44 51
41 57 48 57
41 74 48 74
41 79 48 79
41 91 48 91
41 92 48 92
41 95 44 96
41 97 42 100
41 117 48 117
41 119 42 122
41 126 48 126
41 141 48 141
41 142 44 143
41 150 44 151
41 161 48 161
41 164 48 164
41 180 48 180
41 187 42 190
41 193 48 193
41 195 44 196
41 199 48 199
41 220 44 221
41 232 48 232
41 240 48 240
41 245 48 245
42 5 45 6
42 9 45 10
42 11 49 11
42 14 49 14
42 20 49 20
42 21 45 22
42 40 49 40
42 41 49 41
42 47 49 47
42 49 49 49
42 52 49 52
42 59 45 60
42 61 49 61
42 64 43 67
42 69 45 70
42 82 49 82
42 88 49 88
42 128 49 128
42 129 49 129
42 144 49 144
42 162 49 162
42 165 49 165
42 181 49 181
42 184 45 185
42 202 45 203
42 206 49 206
42 208 45 209
42 215 49 215
42 218 49 218
42 233 49 233
42 235 49 235
42 246 49 246
43 17 46 18
43 24 50 24
43 31 46 32
43 37 50 37
43 38 50 38
43 44 50 44
43 45 50 45
43 58 50 58
43 73 50 73
43 84 50 84
43 93 46 94
43 97 44 100
43 112 46 113
43 119 50 119
43 120 46 121
43 139 50 139
43 148 50 148
43 152 50 152
43 174 46 175
43 188 50 188
43 189 44 192
43 197 50 197
43 213 46 214
43 225 50 225
43 229 46 230
43 247 46 248
44 54 47 55
44 64 51 64
44 71 51 71
44 72 51 72
44 75 51 75
44 80 51 80
44 86 47 87
44 101 51 101
44 133 51 133
44 146 51 146
44 156 47 157
44 158 51 158
44 171 47 172
44 177 51 177
44 178 51 178
44 204 51 204
44 212 51 212
44 226 51 226
45 0 46 3
45 26 52 26
45 29 48 30
45 51 52 51
45 65 52 65
45 66 48 67
45 81 52 81
45 95 52 95
45 96 46 99
45 110 52 110
45 125 52 125
45 140 52 140
45 150 52 150
45 151 52 151
45 159 52 159
45 182 52 182
45 191 52 191
45 195 48 196
45 220 48 221
45 223 52 223
45 239 52 239
45 241 52 241
46 4 49 5
46 6 53 6
46 7 49 8
46 9 49 10
46 21 49 22
46 35 53 35
46 42 53 42
46 48 53 48
46 50 53 50
46 59 53 59
46 60 53 60
46 63 53 63
46 68 49 69
46 89 49 90
46 104 53 104
46 116 53 116
46 134 53 134
46 135 47 138
46 142 53 142
46 149 53 149
46 166 53 166
46 179 53 179
46 183 49 184
46 187 53 187
46 200 53 200
46 216 53 216
47 0 48 3
47 13 54 13
47 15 50 16
47 17 50 18
47 32 50 33
47 43 54 43
47 76 54 76
47 85 54 85
47 96 50 97
47 98 54 98
47 99 50 100
47 108 54 108
47 111 48 114
47 115 54 115
47 118 54 118
47 120 48 123
47 127 54 127
47 145 54 145
47 169 50 170
47 189 50 190
47 207 48 210
47 213 54 213
47 227 48 230
47 247 50 248
48 39 55 39
48 62 55 62
48 70 55 70
48 78 55 78
48 106 55 106
48 109 55 109
48 135 49 138
48 156 51 157
48 167 51 168
48 171 55 171
48 172 49 175
48 201 51 202
48 203 55 203
48 211 55 211
48 214 55 214
48 224 55 224
48 236 51 237
48 242 55 242
49 0 56 0
49 1 52 2
49 28 52 29
49 36 56 36
49 56 52 57
49 67 56 67
49 86 56 86
49 87 56 87
49 91 50 94
49 112 56 112
49 113 52 114
49 120 50 123
49 124 56 124
49 154 56 154
49 163 56 163
49 185 52 186
49 192 50 195
49 198 52 199
49 220 56 220
49 221 56 221
49 230 56 230
49 231 56 231
50 3 53 4
50 5 57 5
50 7 51 10
50 12 57 12
50 19 57 19
50 21 57 21
50 27 57 27
50 46 53 47
50 54 53 55
50 79 57 79
50 82 53 83
50 88 53 89
50 107 57 107
50 111 57 111
50 117 57 117
50 128 53 129
50 131 57 131
50 138 57 138
50 143 53 144
50 153 57 153
50 155 57 155
50 162 57 162
50 164 53 165
50 172 51 175
50 176 57 176
50 180 53 181
50 183 53 184
50 207 53 208
50 215 57 215
50 217 53 218
50 232 53 233
50 235 57 235
50 245 53 246
51 14 54 15
51 24 54 25
51 33 54 34
51 37 54 38
51 44 54 45
51 53 58 53
51 73 54 74
51 90 54 91
51 92 54 93
51 97 58 97
51 99 58 99
51 100 58 100
51 119 54 120
51 147 54 148
51 160 58 160
51 170 58 170
51 193 58 193
51 205 54 206
51 222 58 222
51 225 58 225
51 228 54 229
52 8 59 8
52 9 59 9
52 17 55 18
52 20 59 20
52 30 59 30
52 40 59 40
52 41 59 41
52 75 59 75
52 80 59 80
52 94 59 94
52 102 55 103
52 105 59 105
52 136 55 137
52 157 55 158
52 168 55 169
52 172 53 175
52 192 59 192
52 194 55 195
52 201 55 202
52 204 59 204
52 226 55 227
52 244 59 244
52 249 59 249
53 11 60 11
53 29 60 29
53 31 56 32
53 56 60 56
53 68 56 69
53 71 56 72
53 84 60 84
53 95 60 95
53 113 60 113
53 122 60 122
53 125 60 125
53 130 60 130
53 133 60 133
53 140 60 140
53 151 60 151
53 178 60 178
53 196 54 199
53 223 60 223
53 240 56 241
53 247 60 247
53 248 60 248
54 1 57 2
54 46 57 47
54 48 55 51
54 58 57 59
54 60 61 60
54 64 57 65
54 81 57 82
54 88 61 88
54 104 61 104
54 135 61 135
54 141 57 142
54 149 61 149
54 150 61 150
54 164 55 167
54 182 55 185
54 186 55 189
54 200 61 200
54 207 55 210
54 212 61 212
54 217 61 217
54 219 61 219
54 234 61 234
55 3 62 3
55 7 62 7
55 10 62 10
55 13 56 16
55 23 62 23
55 25 58 26
55 34 62 34
55 37 62 37
55 42 58 43
55 44 58 45
55 63 62 63
55 73 62 73
55 85 62 85
55 89 58 90
55 101 62 101
55 114 62 114
55 115 58 116
55 120 58 121
55 127 62 127
55 134 62 134
55 143 56 146
55 172 62 172
55 173 58 174
55 196 56 199
55 205 62 205
55 213 62 213
55 232 58 233
55 237 62 237
56 17 59 18
56 22 63 22
56 24 63 24
56 38 59 39
56 54 59 55
56 74 63 74
56 91 63 91
56 119 63 119
56 128 59 129
56 136 63 136
56 137 63 137
56 157 59 158
56 161 63 161
56 164 57 167
56 177 63 177
56 179 56 186
56 187 57 190
56 194 59 195
56 201 59 202
56 203 63 203
56 206 63 206
56 207 59 208
56 210 63 210
56 211 63 211
56 227 63 227
56 229 63 229
56 238 63 238
56 239 63 239
57 13 58 16
57 31 64 31
57 32 60 33
57 35 60 36
57 48 64 48
57 52 64 52
57 67 58 70
57 71 64 71
57 72 64 72
57 76 60 77
57 86 60 87
57 93 64 93
57 108 60 109
57 112 64 112
57 126 64 126
57 145 60 146
57 168 60 169
57 179 57 186
57 196 60 197
57 209 64 209
57 220 60 221
57 242 64 242
58 0 61 1
58 2 65 2
58 5 61 6
58 28 65 28
58 47 65 47
58 50 61 51
58 57 61 58
58 61 65 61
58 66 65 66
58 78 65 78
58 96 65 96
58 111 65 111
58 118 65 118
58 131 61 132
58 142 61 143
58 147 65 147
58 152 59 155
58 162 59 165
58 175 65 175
58 179 59 182
58 183 58 190
58 224 65 224
58 241 65 241
59 12 66 12
59 13 62 14
59 19 66 19
59 26 62 27
59 44 62 45
59 46 66 46
59 49 66 49
59 64 62 65
59 69 62 70
59 81 66 81
59 89 62 90
59 98 66 98
59 99 62 100
59 102 62 103
59 159 66 159
59 173 66 173
59 183 62 184
59 185 62 186
59 188 66 188
59 191 66 191
59 214 62 215
59 230 62 231
59 246 66 246
60 15 67 15
60 17 63 18
60 20 67 20
60 39 63 40
60 75 67 75
60 79 63 80
60 105 63 106
60 107 67 107
60 110 67 110
60 129 67 129
60 154 61 157
60 162 61 165
60 179 61 182
60 192 61 195
60 202 67 202
60 216 67 216
60 225 63 226
60 232 67 232
60 243 67 243
61 29 68 29
61 36 68 36
61 41 64 42
61 53 62 56
61 67 68 67
61 76 68 76
61 82 64 83
61 86 64 87
61 94 68 94
61 95 68 95
61 108 68 108
61 113 68 113
61 120 68 120
61 122 62 125
61 138 62 141
61 144 64 145
61 152 68 152
61 160 68 160
61 168 64 169
61 190 68 190
61 198 64 199
61 204 68 204
61 220 62 223
61 244 68 244
61 247 64 248
62 32 69 32
62 57 65 58
62 62 69 62
62 104 69 104
62 116 65 117
62 149 65 150
62 153 63 156
62 162 63 165
62 167 69 167
62 174 69 174
62 176 69 176
62 179 69 179
62 181 69 181
62 193 65 194
62 195 65 196
62 217 69 217
62 233 63 236
62 240 69 240
62 249 69 249
63 3 70 3
63 5 64 8
63 9 70 9
63 13 70 13
63 26 66 27
63 30 70 30
63 34 66 35
63 43 66 44
63 45 70 45
63 53 64 56
63 59 66 60
63 84 66 85
63 88 66 89
63 97 70 97
63 99 70 99
63 101 70 101
63 121 70 121
63 127 70 127
63 130 66 131
63 133 70 133
63 138 64 141
63 142 70 142
63 146 70 146
63 151 70 151
63 157 70 157
63 158 70 158
63 171 70 171
63 178 70 178
63 180 70 180
63 183 64 186
63 201 70 201
63 207 70 207
63 208 70 208
63 212 64 215
63 220 64 223
63 245 70 245
64 4 71 4
64 10 67 11
64 22 65 25
64 38 67 39
64 50 67 51
64 63 71 63
64 70 71 70
64 79 71 79
64 80 71 80
64 90 67 91
64 123 71 123
64 124 67 125
64 136 67 137
64 161 71 161
64 163 65 166
64 203 71 203
64 205 71 205
64 210 71 210
64 218 71 218
64 219 71 219
64 225 65 228
64 230 71 230
64 233 67 234
65 1 72 1
65 8 72 8
65 14 72 14
65 17 68 18
65 31 72 31
65 42 72 42
65 52 66 55
65 56 72 56
65 64 72 64
65 71 72 71
65 72 72 72
65 73 72 73
65 74 72 74
65 82 72 82
65 83 72 83
65 86 72 86
65 93 72 93
65 102 68 103
65 109 72 109
65 114 68 115
65 126 72 126
65 134 68 135
65 138 68 139
65 140 68 141
65 143 68 144
65 145 72 145
65 153 72 153
65 162 72 162
65 168 68 169
65 177 72 177
65 182 66 185
65 186 68 187
65 199 72 199
65 211 66 214
65 220 72 220
65 221 72 221
65 231 72 231
65 237 68 238
65 242 72 242
65 248 72 248
66 24 73 24
66 68 73 68
66 69 73 69
66 77 69 78
66 92 73 92
66 105 69 106
66 112 73 112
66 117 69 118
66 132 73 132
66 147 69 148
66 163 69 164
66 193 67 196
66 197 73 197
66 215 73 215
66 223 67 226
66 227 73 227
66 229 73 229
67 0 74 0
67 7 74 7
67 16 74 16
67 25 68 28
67 33 70 34
67 46 70 47
67 52 68 55
67 60 70 61
67 84 74 84
67 87 70 88
67 89 74 89
67 128 74 128
67 149 74 149
67 172 74 172
67 183 74 183
67 212 70 213
67 241 74 241
68 2 75 2
68 11 71 12
68 19 71 20
68 39 75 39
68 41 75 41
68 48 71 49
68 50 75 50
68 58 71 59
68 66 75 66
68 90 75 90
68 91 75 91
68 107 75 107
68 110 75 110
68 122 75 122
68 188 71 189
68 192 69 195
68 224 71 225
68 228 75 228
68 235 75 235
68 246 71 247
69 5 76 5
69 15 76 15
69 18 76 18
69 25 72 26
69 28 72 29
69 35 76 35
69 37 72 38
69 52 70 55
69 85 76 85
69 94 72 95
69 102 72 103
69 119 72 120
69 130 72 131
69 134 69 141
69 143 72 144
69 166 76 166
69 168 76 168
69 184 76 184
69 186 76 186
69 204 76 204
69 206 76 206
69 234 76 234
69 243 76 243
70 22 73 23
70 36 77 36
70 40 77 40
70 62 77 62
70 96 77 96
70 100 77 100
70 106 77 106
70 113 71 116
70 117 73 118
70 124 73 125
70 134 73 135
70 136 71 139
70 140 73 141
70 147 73 148
70 169 77 169
70 176 77 176
70 190 77 190
70 191 73 192
70 193 71 196
70 238 77 238
71 6 78 6
71 9 74 10
71 32 74 33
71 34 78 34
71 52 72 55
71 57 78 57
71 60 74 61
71 67 78 67
71 76 74 77
71 98 78 98
71 101 78 101
71 150 74 151
71 152 78 152
71 163 78 163
71 165 78 165
71 179 78 179
71 180 74 181
71 202 78 202
71 209 78 209
71 213 74 214
71 232 78 232
71 236 78 236
71 245 78 245
72 11 79 11
72 12 75 13
72 19 75 20
72 44 73 47
72 48 75 49
72 58 75 59
72 78 73 81
72 105 79 105
72 113 79 113
72 114 79 114
72 115 79 115
72 116 79 116
72 123 79 123
72 136 79 136
72 138 75 139
72 142 79 142
72 161 79 161
72 175 79 175
72 187 79 187
72 193 75 194
72 203 79 203
72 207 75 208
72 211 75 212
72 216 73 219
72 224 75 225
72 237 79 237
72 246 75 247
73 3 80 3
73 21 80 21
73 25 74 28
73 31 80 31
73 37 80 37
73 42 80 42
73 51 80 51
73 52 80 52
73 54 76 55
73 64 76 65
73 71 76 72
73 86 76 87
73 93 80 93
73 95 80 95
73 102 76 103
73 127 80 127
73 130 80 130
73 131 80 131
73 156 80 156
73 158 80 158
73 170 80 170
73 173 76 174
73 195 80 195
73 205 80 205
73 220 74 223
73 231 80 231
73 248 76 249
74 8 81 8
74 24 81 24
74 46 77 47
74 69 81 69
74 73 77 74
74 78 75 81
74 82 81 82
74 97 81 97
74 104 81 104
74 112 81 112
74 124 81 124
74 125 77 126
74 140 77 141
74 144 75 147
74 153 81 153
74 157 81 157
74 159 81 159
74 164 81 164
74 178 81 178
74 188 81 188
74 192 81 192
74 215 75 218
74 227 81 227
74 229 77 230
74 233 81 233
75 0 78 1
75 4 82 4
75 9 78 10
75 14 82 14
75 16 82 16
75 22 78 23
75 30 82 30
75 32 78 33
75 43 82 43
75 44 78 45
75 68 82 68
75 89 82 89
75 108 78 109
75 132 78 133
75 134 78 135
75 148 76 151
75 167 82 167
75 171 78 172
75 181 78 182
75 196 76 199
75 200 82 200
75 213 78 214
75 220 76 223
76 49 79 50
76 58 83 58
76 66 83 66
76 75 83 75
76 77 79 78
76 79 83 79
76 80 79 81
76 90 79 91
76 94 83 94
76 99 83 99
76 118 79 119
76 144 79 145
76 147 83 147
76 162 83 162
76 183 83 183
76 185 83 185
76 207 83 207
76 212 83 212
76 216 77 219
76 228 83 228
76 235 83 235
76 244 83 244
76 246 79 247
77 5 84 5
77 7 84 7
77 17 84 17
77 18 84 18
77 25 80 26
77 27 80 28
77 29 84 29
77 35 84 35
77 38 80 39
77 53 80 54
77 59 80 60
77 63 84 63
77 71 84 71
77 83 80 84
77 85 80 86
77 88 84 88
77 103 84 103
77 137 84 137
77 143 84 143
77 148 84 148
77 149 84 149
77 150 84 150
77 151 84 151
77 154 84 154
77 168 84 168
77 177 84 177
77 193 84 193
77 198 84 198
77 204 84 204
77 210 84 210
77 220 80 221
77 222 80 223
77 224 80 225
77 240 78 243
77 249 84 249
78 40 81 41
78 46 81 47
78 73 81 74
78 92 85 92
78 96 85 96
78 106 81 107
78 138 79 141
78 166 85 166
78 176 85 176
78 190 81 191
78 201 85 201
78 206 85 206
78 216 79 219
79 0 86 0
79 1 82 2
79 6 86 6
79 9 86 9
79 22 82 23
79 33 86 33
79 48 86 48
79 55 82 56
79 64 82 65
79 108 80 111
79 126 86 126
79 128 82 129
79 132 86 132
79 179 86 179
79 189 86 189
79 215 86 215
79 226 86 226
79 229 86 229
79 234 86 234
79 236 86 236
79 238 86 238
79 241 82 242
80 36 87 36
80 49 87 49
80 90 83 91
80 101 87 101
80 115 87 115
80 116 81 119
80 122 83 123
80 125 87 125
80 133 87 133
80 136 87 136
80 138 83 139
80 140 87 140
80 145 83 146
80 172 81 175
80 180 87 180
80 197 87 197
80 202 83 203
80 209 87 209
80 213 83 214
80 219 87 219
80 232 87 232
80 239 87 239
81 11 84 12
81 13 88 13
81 19 88 19
81 21 88 21
81 25 82 28
81 31 88 31
81 37 84 38
81 50 84 51
81 59 88 59
81 80 84 81
81 83 82 86
81 110 88 110
81 121 88 121
81 130 84 131
81 144 88 144
81 152 88 152
81 155 84 156
81 158 88 158
81 165 88 165
81 181 88 181
81 184 88 184
81 217 84 218
81 220 88 220
81 222 88 222
81 237 88 237
81 245 82 248
82 24 89 24
82 46 85 47
82 57 89 57
82 77 85 78
82 104 89 104
82 106 89 106
82 107 85 108
82 113 85 114
82 170 89 170
82 172 83 175
82 187 85 188
82 190 85 191
82 199 89 199
82 208 89 208
82 216 89 216
82 224 89 224
82 227 89 227
82 230 85 231
83 3 86 4
83 8 90 8
83 15 86 16
83 20 90 20
83 22 90 22
83 26 90 26
83 40 84 43
83 44 90 44
83 53 84 56
83 60 90 60
83 64 86 65
83 68 86 69
83 73 86 74
83 82 86 83
83 84 90 84
83 85 86 86
83 89 90 89
83 93 90 93
83 98 90 98
83 109 90 109
83 111 90 111
83 117 90 117
83 118 90 118
83 119 90 119
83 127 86 128
83 129 90 129
83 141 90 141
83 171 90 171
83 186 90 186
83 240 84 243
84 27 87 28
84 34 91 34
84 52 91 52
84 62 91 62
84 72 91 72
84 79 91 79
84 87 91 87
84 90 91 90
84 91 91 91
84 123 91 123
84 135 91 135
84 145 91 145
84 169 91 169
84 173 87 174
84 182 87 183
84 211 87 212
84 213 87 214
84 221 91 221
84 225 91 225
84 228 91 228
84 244 91 244
84 247 91 247
85 1 92 1
85 5 92 5
85 10 88 11
85 35 92 35
85 40 92 40
85 42 92 42
85 50 92 50
85 51 92 51
85 53 86 56
85 66 92 66
85 67 92 67
85 70 92 70
85 75 92 75
85 94 92 94
85 95 92 95
85 105 92 105
85 122 92 122
85 130 88 131
85 137 88 138
85 142 92 142
85 146 86 149
85 154 86 157
85 160 86 163
85 193 88 194
85 202 88 203
85 204 88 205
85 217 88 218
85 240 92 240
85 241 88 242
85 248 88 249
86 30 93 30
86 46 89 47
86 77 89 78
86 92 93 92
86 102 89 103
86 108 93 108
86 112 89 113
86 134 93 134
86 159 93 159
86 166 93 166
86 176 93 176
86 177 93 177
86 190 89 191
86 200 93 200
86 206 93 206
86 223 93 223
86 230 89 231
87 0 94 0
87 3 90 4
87 9 94 9
87 29 94 29
87 37 90 38
87 54 94 54
87 56 94 56
87 71 94 71
87 73 90 74
87 76 94 76
87 80 94 80
87 81 90 82
87 83 94 83
87 85 90 86
87 88 94 88
87 96 90 97
87 116 94 116
87 132 94 132
87 143 94 143
87 146 88 149
87 153 88 156
87 157 94 157
87 162 90 163
87 164 94 164
87 167 90 168
87 233 90 234
88 7 95 7
88 14 91 15
88 36 95 36
88 45 95 45
88 65 95 65
88 107 95 107
88 124 89 127
88 128 95 128
88 150 91 151
88 161 95 161
88 173 91 174
88 178 91 179
88 180 95 180
88 185 95 185
88 189 95 189
88 195 95 195
88 197 91 198
88 209 89 212
88 219 95 219
88 226 95 226
88 236 95 236
88 238 91 239
88 245 95 245
89 10 96 10
89 18 96 18
89 27 92 28
89 32 92 33
89 53 96 53
89 59 96 59
89 61 96 61
89 63 96 63
89 99 92 100
89 115 96 115
89 137 90 140
89 152 90 155
89 156 96 156
89 172 96 172
89 181 92 182
89 205 96 205
89 214 92 215
89 241 92 242
89 248 92 249
90 2 97 2
90 24 93 25
90 46 97 46
90 55 97 55
90 57 93 58
90 77 97 77
90 78 97 78
90 101 91 104
90 112 97 112
90 113 93 114
90 120 93 121
90 124 97 124
90 126 93 127
90 158 97 158
90 170 97 170
90 187 93 188
90 201 91 204
90 208 97 208
90 210 97 210
90 212 97 212
90 222 97 222
90 230 97 230
90 237 97 237
91 4 98 4
91 8 98 8
91 16 94 17
91 22 94 23
91 26 98 26
91 37 94 38
91 49 98 49
91 68 94 69
91 82 98 82
91 84 94 85
91 89 98 89
91 93 98 93
91 96 98 96
91 97 94 98
91 109 98 109
91 118 98 118
91 136 92 139
91 140 94 141
91 148 98 148
91 153 94 154
91 186 98 186
91 190 98 190
91 193 94 194
91 229 98 229
91 234 98 234
92 12 99 12
92 13 99 13
92 14 99 14
92 31 99 31
92 41 99 41
92 47 99 47
92 73 99 73
92 102 99 102
92 131 99 131
92 145 99 145
92 146 95 147
92 149 95 150
92 152 99 152
92 162 95 163
92 168 99 168
92 173 95 174
92 191 95 192
92 202 95 203
92 211 99 211
92 217 99 217
92 218 99 218
92 221 99 221
92 225 99 225
92 228 99 228
92 233 99 233
92 235 99 235
92 243 95 244
93 1 100 1
93 11 100 11
93 19 96 20
93 27 96 28
93 32 100 32
93 42 100 42
93 48 100 48
93 50 96 51
93 60 100 60
93 72 100 72
93 74 96 75
93 86 96 87
93 95 100 95
93 99 96 100
93 103 94 106
93 122 96 123
93 135 96 136
93 181 94 184
93 196 94 199
93 216 100 216
93 227 100 227
93 238 100 238
93 242 100 242
93 246 96 247
93 248 96 249
94 3 101 3
94 33 101 33
94 39 101 39
94 43 97 44
94 52 101 52
94 62 101 62
94 66 97 67
94 91 97 92
94 113 97 114
94 117 101 117
94 120 97 121
94 127 101 127
94 129 97 130
94 137 97 138
94 139 101 139
94 159 101 159
94 167 101 167
94 169 101 169
94 175 97 176
94 177 97 178
94 200 97 201
94 204 101 204
94 206 101 206
94 207 101 207
94 214 97 215
94 231 97 232
95 9 102 9
95 17 102 17
95 23 102 23
95 35 102 35
95 37 102 37
95 56 98 57
95 64 102 64
95 76 102 76
95 80 98 81
95 90 102 90
95 97 98 98
95 103 96 106
95 125 102 125
95 140 102 140
95 141 96 144
95 164 102 164
95 171 102 171
95 181 98 182
95 187 102 187
95 193 98 194
95 196 102 196
95 197 98 198
95 239 98 240
96 36 103 36
96 45 103 45
96 65 103 65
96 79 103 79
96 83 99 84
96 101 103 101
96 107 99 108
96 111 103 111
96 147 103 147
96 149 99 150
96 151 103 151
96 154 103 154
96 174 103 174
96 179 99 180
96 188 99 189
96 191 99 192
96 209 103 209
96 241 103 241
96 243 99 244
97 18 100 19
97 27 104 27
97 53 104 53
97 58 100 59
97 68 100 69
97 74 100 75
97 85 104 85
97 87 100 88
97 115 104 115
97 123 104 123
97 141 98 144
97 161 104 161
97 165 104 165
97 166 104 166
97 183 100 184
97 199 104 199
97 202 104 202
97 219 100 220
97 236 104 236
97 245 100 246
98 5 105 5
98 6 101 7
98 15 105 15
98 50 105 50
98 67 105 67
98 77 105 77
98 91 105 91
98 103 99 106
98 112 101 113
98 120 101 121
98 126 105 126
98 132 101 133
98 134 99 137
98 146 105 146
98 155 99 158
98 160 105 160
98 162 105 162
98 170 105 170
98 178 105 178
98 195 105 195
98 208 105 208
98 212 99 215
98 230 105 230
98 231 105 231
99 4 106 4
99 22 106 22
99 25 102 26
99 29 106 29
99 43 106 43
99 49 106 49
99 54 100 57
99 80 102 81
99 92 106 92
99 94 106 94
99 99 102 100
99 110 106 110
99 118 102 119
99 128 102 129
99 130 106 130
99 141 106 141
99 185 102 186
99 190 106 190
99 193 102 194
99 197 102 198
99 203 106 203
99 234 106 234
100 2 107 2
100 12 107 12
100 13 103 14
100 20 103 21
100 30 107 30
100 31 107 31
100 34 107 34
100 41 107 41
100 46 103 47
100 66 107 66
100 73 107 73
100 82 107 82
100 93 107 93
100 97 103 98
100 103 101 106
100 107 107 107
100 134 107 134
100 135 101 138
100 142 101 145
100 156 103 157
100 158 107 158
100 168 107 168
100 179 101 182
100 189 107 189
100 191 103 192
100 201 107 201
100 211 101 214
100 224 107 224
100 228 107 228
100 232 103 233
100 235 107 235
100 239 103 240
100 243 107 243
100 247 107 247
100 248 103 249
101 8 108 8
101 38 108 38
101 44 108 44
101 51 108 51
101 54 102 57
101 58 104 59
101 71 108 71
101 72 108 72
101 78 108 78
101 86 102 89
101 102 108 102
101 108 104 109
101 116 108 116
101 122 108 122
101 148 104 149
101 150 108 150
101 175 108 175
101 205 108 205
101 215 102 218
101 219 102 222
101 225 108 225
101 227 108 227
102 1 109 1
102 6 109 6
102 7 109 7
102 39 109 39
102 52 109 52
102 60 103 63
102 69 109 69
102 95 105 96
102 103 109 103
102 113 105 114
102 120 109 120
102 124 109 124
102 132 109 132
102 144 109 144
102 172 109 172
102 179 103 182
102 188 109 188
102 200 109 200
102 207 109 207
102 210 103 213
102 223 109 223
102 226 109 226
102 245 105 246
103 9 110 9
103 16 106 17
103 24 110 24
103 25 110 25
103 32 106 33
103 40 110 40
103 55 106 56
103 83 110 83
103 84 110 84
103 86 106 87
103 88 110 88
103 104 106 105
103 125 110 125
103 127 110 127
103 135 110 135
103 136 104 139
103 145 110 145
103 163 110 163
103 176 106 177
103 185 110 185
103 186 110 186
103 196 106 197
103 204 110 204
103 214 103 221
104 13 111 13
104 18 105 21
104 28 111 28
104 37 111 37
104 46 111 46
104 48 111 48
104 63 107 64
104 68 111 68
104 79 111 79
104 89 111 89
104 98 105 101
104 111 111 111
104 131 111 131
104 142 107 143
104 151 107 152
104 156 107 157
104 173 111 173
104 179 105 182
104 184 111 184
104 191 111 191
104 192 111 192
104 194 111 194
104 209 111 209
104 211 105 214
104 215 111 215
104 220 111 220
104 233 111 233
104 237 107 238
104 239 107 240
104 241 111 241
104 242 111 242
104 244 111 244
104 248 111 248
105 0 112 0
105 3 112 3
105 14 112 14
105 26 112 26
105 27 112 27
105 35 108 36
105 53 112 53
105 57 108 58
105 59 108 60
105 74 112 74
105 80 112 80
105 115 112 115
105 117 112 117
105 119 112 119
105 121 112 121
105 128 112 128
105 138 112 138
105 154 112 154
105 161 112 161
105 164 106 167
105 171 112 171
105 222 112 222
105 236 112 236
106 19 113 19
106 21 113 21
106 50 113 50
106 54 113 54
106 77 113 77
106 90 109 91
106 95 107 98
106 100 109 101
106 113 109 114
106 139 109 140
106 146 109 147
106 174 113 174
106 179 107 182
106 211 107 214
106 217 113 217
106 218 113 218
106 229 107 232
106 245 113 245
107 16 114 16
107 17 114 17
107 22 110 23
107 32 114 32
107 33 114 33
107 55 114 55
107 61 110 62
107 86 110 87
107 92 114 92
107 109 110 110
107 130 114 130
107 133 114 133
107 141 114 141
107 153 114 153
107 162 114 162
107 166 114 166
107 167 114 167
107 169 110 170
107 176 114 176
107 177 114 177
107 183 114 183
107 193 114 193
107 195 108 198
107 202 114 202
108 5 115 5
108 31 115 31
108 34 115 34
108 41 111 42
108 43 115 43
108 45 115 45
108 47 115 47
108 63 115 63
108 64 115 64
108 65 115 65
108 73 115 73
108 75 115 75
108 81 111 82
108 93 109 96
108 105 109 108
108 112 115 112
108 123 115 123
108 151 111 152
108 156 111 157
108 164 111 165
108 179 111 180
108 181 115 181
108 211 111 212
108 221 115 221
108 228 111 229
108 237 115 237
108 243 115 243
108 246 111 247
109 2 116 2
109 66 112 67
109 71 116 71
109 72 116 72
109 97 112 98
109 102 116 102
109 122 116 122
109 137 116 137
109 143 116 143
109 168 116 168
109 182 116 182
109 203 116 203
109 208 116 208
109 234 112 235
110 1 117 1
110 6 113 7
110 18 117 18
110 38 113 39
110 44 117 44
110 56 111 59
110 69 113 70
110 91 117 91
110 93 111 96
110 99 113 100
110 104 117 104
110 113 113 114
110 129 117 129
110 139 117 139
110 142 117 142
110 144 117 144
110 146 113 147
110 149 113 150
110 158 113 159
110 187 111 190
110 195 113 196
110 198 113 199
110 200 117 200
110 205 117 205
110 206 117 206
110 224 111 227
110 231 117 231
110 239 113 240
111 4 118 4
111 9 114 10
111 22 114 23
111 24 114 25
111 30 118 30
111 60 114 61
111 83 112 86
111 105 118 105
111 107 112 110
111 118 118 118
111 124 112 127
111 132 118 132
111 134 118 134
111 169 118 169
111 172 118 172
111 178 118 178
111 185 118 185
111 186 118 186
111 201 118 201
111 210 118 210
111 216 118 216
111 230 118 230
112 15 119 15
112 35 119 35
112 36 115 37
112 41 115 42
112 51 115 52
112 56 119 56
112 78 115 79
112 82 119 82
112 87 113 90
112 94 119 94
112 96 119 96
112 101 119 101
112 111 119 111
112 136 119 136
112 140 119 140
112 156 119 156
112 160 119 160
112 165 119 165
112 170 119 170
112 179 115 180
112 184 119 184
112 187 113 190
112 191 119 191
112 197 119 197
112 207 119 207
112 209 119 209
112 211 115 212
112 213 115 214
112 223 119 223
112 224 113 227
112 228 115 229
112 233 119 233
112 242 119 242
112 246 119 246
112 247 115 248
112 249 119 249
113 0 120 0
113 3 120 3
113 8 120 8
113 20 120 20
113 26 114 29
113 66 116 67
113 76 120 76
113 83 120 83
113 84 116 85
113 98 120 98
113 107 116 108
113 110 120 110
113 115 120 115
113 120 116 121
113 124 114 127
113 131 120 131
113 152 120 152
113 154 116 155
113 161 120 161
113 171 120 171
113 219 116 220
113 235 116 236
113 238 120 238
114 11 115 14
114 38 121 38
114 40 121 40
114 49 121 49
114 50 121 50
114 57 121 57
114 68 121 68
114 69 121 69
114 87 117 88
114 106 121 106
114 128 121 128
114 135 121 135
114 148 115 151
114 158 117 159
114 173 117 174
114 175 121 175
114 187 115 190
114 192 121 192
114 195 117 196
114 217 117 218
114 226 121 226
114 232 121 232
114 244 121 244
115 9 122 9
115 10 122 10
115 21 115 28
115 32 118 33
115 59 118 60
115 61 118 62
115 77 122 77
115 93 122 93
115 100 122 100
115 117 122 117
115 119 122 119
115 124 116 127
115 138 122 138
115 145 122 145
115 147 122 147
115 157 122 157
115 162 122 162
115 164 122 164
115 166 122 166
115 176 122 176
115 183 122 183
115 198 118 199
115 224 122 224
116 19 123 19
116 21 117 24
116 25 119 26
116 28 119 29
116 34 123 34
116 41 119 42
116 52 117 55
116 64 119 65
116 80 119 81
116 89 119 90
116 95 123 95
116 114 123 114
116 148 117 151
116 163 123 163
116 187 119 188
116 189 119 190
116 193 123 193
116 194 123 194
116 211 117 214
116 221 119 222
116 239 119 240
116 245 123 245
116 247 119 248
117 2 124 2
117 6 120 7
117 11 124 11
117 27 124 27
117 36 120 37
117 39 124 39
117 45 120 46
117 58 124 58
117 66 124 66
117 67 124 67
117 71 118 74
117 78 120 79
117 92 124 92
117 102 120 103
117 107 120 108
117 109 124 109
117 121 118 124
117 137 124 137
117 180 124 180
117 181 120 182
117 203 120 204
117 228 120 229
117 234 118 237
117 241 124 241
117 243 124 243
118 12 121 13
118 16 121 17
118 18 125 18
118 21 121 22
118 43 121 44
118 51 121 52
118 53 125 53
118 54 121 55
118 84 121 85
118 87 121 88
118 99 125 99
118 104 125 104
118 112 125 112
118 113 125 113
118 120 125 120
118 126 125 126
118 127 125 127
118 141 125 141
118 143 121 144
118 148 125 148
118 153 125 153
118 155 125 155
118 158 121 159
118 173 121 174
118 179 125 179
118 205 121 206
118 208 125 208
118 212 125 212
118 213 125 213
118 217 121 218
118 227 125 227
119 5 126 5
119 30 122 31
119 47 126 47
119 48 126 48
119 59 120 62
119 71 120 74
119 97 126 97
119 118 126 118
119 121 122 122
119 123 126 123
119 129 126 129
119 132 122 133
119 134 126 134
119 146 126 146
119 167 126 167
119 185 126 185
119 198 120 201
119 210 126 210
119 216 126 216
119 234 120 237
120 23 121 26
120 35 127 35
120 75 127 75
120 80 123 81
120 90 123 91
120 94 127 94
120 96 127 96
120 101 127 101
120 124 127 124
120 136 127 136
120 140 127 140
120 149 127 149
120 150 127 150
120 177 127 177
120 186 121 189
120 190 123 191
120 195 123 196
120 221 123 222
120 225 127 225
120 230 123 231
120 239 127 239
120 242 127 242
120 246 121 249
121 0 128 0
121 3 128 3
121 6 124 7
121 14 124 15
121 36 124 37
121 46 128 46
121 59 124 60
121 61 122 64
121 65 128 65
121 73 124 74
121 82 124 83
121 98 128 98
121 102 124 103
121 139 128 139
121 169 124 170
121 171 128 171
121 197 121 204
121 228 128 228
121 234 124 235
122 12 125 13
122 20 129 20
122 28 125 29
122 41 129 41
122 42 123 45
122 49 123 52
122 55 129 55
122 68 123 71
122 76 129 76
122 79 129 79
122 84 125 85
122 86 123 89
122 107 129 107
122 131 129 131
122 143 129 143
122 158 123 161
122 168 129 168
122 187 129 187
122 189 129 189
122 197 122 204
122 205 125 206
122 207 129 207
122 209 129 209
122 214 129 214
122 215 129 215
122 217 125 218
122 223 129 223
122 237 129 237
123 4 130 4
123 8 126 9
123 30 124 33
123 40 130 40
123 57 130 57
123 61 126 62
123 100 130 100
123 105 126 106
123 110 130 110
123 130 130 130
123 135 130 135
123 145 130 145
123 152 130 152
123 162 130 162
123 165 126 166
123 175 130 175
123 181 124 184
123 198 124 201
123 202 126 203
123 204 130 204
123 220 130 220
123 224 130 224
123 226 130 226
123 238 130 238
124 16 131 16
124 43 127 44
124 45 131 45
124 49 127 50
124 52 131 52
124 63 127 64
124 69 131 69
124 86 131 86
124 88 127 89
124 91 131 91
124 114 131 114
124 115 131 115
124 116 131 116
124 122 131 122
124 157 125 160
124 163 127 164
124 172 127 173
124 178 131 178
124 186 131 186
124 190 125 193
124 194 127 195
124 211 131 211
124 221 127 222
124 229 125 232
124 233 131 233
125 1 128 2
125 11 132 11
125 14 128 15
125 23 128 24
125 26 128 27
125 31 126 34
125 59 128 60
125 66 128 67
125 73 128 74
125 80 126 83
125 92 128 93
125 95 132 95
125 102 128 103
125 108 132 108
125 111 132 111
125 137 132 137
125 138 132 138
125 180 126 183
125 196 128 197
125 201 132 201
125 234 128 235
125 243 128 244
125 248 128 249
126 7 133 7
126 12 129 13
126 18 129 19
126 29 133 29
126 42 133 42
126 53 129 54
126 56 133 56
126 70 133 70
126 85 133 85
126 117 133 117
126 125 127 128
126 132 133 132
126 133 133 133
126 147 133 147
126 155 133 155
126 156 133 156
126 157 127 160
126 161 133 161
126 170 133 170
126 179 133 179
126 193 133 193
126 198 133 198
126 199 129 200
126 240 129 241
127 5 134 5
127 9 130 10
127 21 134 21
127 48 134 48
127 51 134 51
127 61 130 62
127 71 134 71
127 80 130 81
127 83 134 83
127 90 134 90
127 97 134 97
127 106 134 106
127 112 130 113
127 118 128 121
127 129 134 129
127 134 134 134
127 141 134 141
127 151 134 151
127 153 130 154
127 166 130 167
127 180 130 181
127 183 134 183
127 191 134 191
127 202 134 202
127 203 134 203
127 210 134 210
127 216 130 217
127 218 134 218
127 219 134 219
128 25 135 25
128 32 128 39
128 50 135 50
128 72 135 72
128 75 135 75
128 84 135 84
128 88 131 89
128 96 135 96
128 104 135 104
128 123 129 126
128 127 131 128
128 140 135 140
128 148 135 148
128 157 131 158
128 159 135 159
128 164 131 165
128 173 131 174
128 176 131 177
128 182 135 182
128 205 135 205
128 225 135 225
128 239 135 239
128 246 131 247
129 1 132 2
129 3 136 3
129 14 136 14
129 22 136 22
129 31 129 38
129 46 132 47
129 63 130 66
129 78 136 78
129 92 136 92
129 102 136 102
129 103 136 103
129 119 132 120
129 121 136 121
129 136 136 136
129 139 136 139
129 142 136 142
129 150 136 150
129 196 136 196
129 227 132 228
129 231 132 232
129 234 132 235
129 236 136 236
129 242 130 245
130 13 137 13
130 19 137 19
130 23 137 23
130 26 133 27
130 30 131 33
130 34 131 37
130 43 133 44
130 53 133 54
130 60 137 60
130 76 133 77
130 126 137 126
130 146 137 146
130 149 137 149
130 169 137 169
130 171 137 171
130 172 137 172
130 184 133 185
130 187 133 188
130 190 137 190
130 192 137 192
130 195 137 195
130 199 133 200
130 206 133 207
130 208 137 208
130 212 137 212
130 213 137 213
130 214 133 215
130 240 133 241
130 248 133 249
131 0 138 0
131 4 138 4
131 8 134 9
131 10 138 10
131 17 134 18
131 38 134 39
131 49 138 49
131 59 138 59
131 63 132 66
131 67 134 68
131 74 138 74
131 79 134 80
131 93 134 94
131 98 138 98
131 101 138 101
131 105 138 105
131 109 138 109
131 112 134 113
131 135 138 135
131 144 134 145
131 162 134 163
131 167 134 168
131 180 134 181
131 217 138 217
131 220 134 221
131 223 134 224
131 229 138 229
131 230 138 230
131 238 138 238
131 244 134 245
132 15 139 15
132 16 139 16
132 28 139 28
132 30 132 37
132 41 139 41
132 57 135 58
132 61 139 61
132 69 139 69
132 88 135 89
132 91 139 91
132 99 135 100
132 116 139 116
132 122 135 123
132 125 139 125
132 127 135 128
132 130 135 131
132 157 139 157
132 158 139 158
132 164 135 165
132 177 135 178
132 186 139 186
132 189 139 189
132 209 139 209
132 211 139 211
132 226 139 226
132 246 139 246
132 247 139 247
133 11 140 11
133 20 140 20
133 30 133 37
133 45 136 46
133 63 136 64
133 65 140 65
133 108 140 108
133 118 140 118
133 119 140 119
133 137 140 137
133 160 140 160
133 175 140 175
133 197 140 197
133 227 136 228
133 233 136 234
134 2 141 2
134 7 141 7
134 27 141 27
134 29 135 32
134 34 137 35
134 44 141 44
134 54 141 54
134 55 137 56
134 85 137 86
134 95 141 95
134 114 137 115
134 133 141 133
134 153 135 156
134 161 141 161
134 176 141 176
134 184 141 184
134 200 141 200
134 216 141 216
134 235 141 235
134 240 141 240
135 5 142 5
135 9 142 9
135 37 138 38
135 39 142 39
135 48 142 48
135 51 138 52
135 66 142 66
135 71 142 71
135 80 142 80
135 112 142 112
135 117 142 117
135 132 142 132
135 138 142 138
135 147 142 147
135 166 138 167
135 173 138 174
135 180 142 180
135 183 142 183
135 187 138 188
135 194 142 194
135 198 142 198
135 199 142 199
135 201 136 204
135 206 138 207
135 218 136 221
135 223 138 224
135 231 142 231
135 241 136 244
135 249 142 249
136 6 143 6
136 8 143 8
136 25 139 26
136 29 137 32
136 40 143 40
136 42 139 43
136 70 143 70
136 73 143 73
136 75 143 75
136 82 139 83
136 87 139 88
136 89 139 90
136 93 139 94
136 99 139 100
136 106 139 107
136 128 143 128
136 129 139 130
136 131 143 131
136 140 139 141
136 143 139 144
136 152 137 155
136 163 139 164
136 177 139 178
137 17 140 18
137 45 140 46
137 50 144 50
137 63 140 64
137 68 144 68
137 92 144 92
137 96 140 97
137 102 144 102
137 103 144 103
137 121 140 122
137 151 144 151
137 170 144 170
137 179 144 179
137 182 144 182
137 201 140 202
137 204 144 204
137 210 144 210
137 214 140 215
137 218 138 221
137 227 140 228
137 239 144 239
137 242 144 242
137 244 144 244
138 21 139 24
138 29 145 29
138 34 141 35
138 36 145 36
138 55 139 58
138 60 145 60
138 67 145 67
138 72 145 72
138 84 141 85
138 86 145 86
138 110 141 111
138 113 141 114
138 123 141 124
138 145 141 146
138 159 145 159
138 165 145 165
138 171 141 172
138 192 145 192
138 212 141 213
138 234 145 234
138 241 145 241
139 0 142 1
139 3 142 4
139 10 146 10
139 13 142 14
139 19 146 19
139 51 146 51
139 59 146 59
139 62 146 62
139 77 146 77
139 78 142 79
139 126 142 127
139 135 146 135
139 148 142 149
139 152 140 155
139 166 142 167
139 173 146 173
139 181 146 181
139 190 142 191
139 195 142 196
139 207 142 208
139 218 142 219
139 223 142 224
139 225 146 225
139 248 146 248
140 15 143 16
140 23 141 26
140 30 143 31
140 38 147 38
140 41 147 41
140 42 147 42
140 49 147 49
140 52 147 52
140 87 141 90
140 93 143 94
140 98 143 99
140 104 141 107
140 109 147 109
140 115 143 116
140 129 143 130
140 140 143 141
140 188 147 188
140 205 147 205
140 206 147 206
140 220 147 220
140 232 147 232
140 233 147 233
140 246 147 246
140 247 147 247
141 17 144 18
141 20 144 21
141 22 148 22
141 37 148 37
141 46 144 47
141 55 142 58
141 83 148 83
141 97 148 97
141 101 148 101
141 118 142 121
141 134 148 134
141 136 144 137
141 153 148 153
141 154 142 157
141 162 144 163
141 185 144 186
141 201 144 202
141 214 144 215
141 222 148 222
141 229 144 230
141 236 148 236
142 26 149 26
142 32 143 35
142 45 149 45
142 54 149 54
142 63 149 63
142 65 149 65
142 82 149 82
142 85 149 85
142 87 143 90
142 105 145 106
142 113 149 113
142 114 149 114
142 122 143 125
142 133 149 133
142 143 145 144
142 160 145 161
142 168 149 168
142 171 149 171
142 175 145 176
142 184 149 184
142 193 149 193
142 213 149 213
142 216 145 217
142 221 149 221
142 227 149 227
142 228 149 228
142 237 149 237
143 0 144 3
143 4 150 4
143 11 146 12
143 13 150 13
143 14 150 14
143 23 150 23
143 39 150 39
143 43 146 44
143 48 150 48
143 56 150 56
143 61 150 61
143 64 150 64
143 66 150 66
143 78 144 81
143 84 150 84
143 95 146 96
143 100 150 100
143 107 150 107
143 111 146 112
143 117 146 118
143 120 146 121
143 138 146 139
143 145 144 148
143 149 146 150
143 167 150 167
143 177 150 177
143 183 150 183
143 194 144 197
143 199 146 200
143 211 146 212
143 218 150 218
143 223 150 223
144 7 151 7
144 15 147 16
144 27 151 27
144 30 145 33
144 57 147 58
144 70 151 70
144 73 147 74
144 87 145 90
144 98 147 99
144 122 151 122
144 127 147 128
144 130 151 130
144 140 147 141
144 187 151 187
144 191 151 191
145 0 148 1
145 2 148 3
145 25 152 25
145 34 148 35
145 68 152 68
145 93 148 94
145 103 148 104
145 108 152 108
145 136 148 137
145 147 148 148
145 151 152 151
145 157 148 158
145 162 148 163
145 172 152 172
145 182 152 182
145 194 146 197
145 208 152 208
145 209 148 210
145 229 152 229
145 230 152 230
145 239 148 240
146 6 153 6
146 29 149 30
146 31 149 32
146 46 149 47
146 71 149 72
146 87 147 90
146 91 153 91
146 92 153 92
146 106 153 106
146 123 147 126
146 132 153 132
146 142 147 145
146 146 153 146
146 160 153 160
146 164 149 165
146 166 153 166
146 174 153 174
146 175 149 176
146 178 153 178
146 185 153 185
146 202 153 202
146 203 153 203
146 214 153 214
146 234 153 234
146 241 153 241
147 10 150 11
147 12 154 12
147 17 154 17
147 28 154 28
147 43 150 44
147 60 154 60
147 62 154 62
147 79 154 79
147 95 154 95
147 116 148 119
147 121 154 121
147 135 154 135
147 138 150 139
147 149 150 150
147 161 154 161
147 189 154 189
147 194 150 195
147 196 154 196
147 198 150 199
147 201 154 201
147 224 150 225
147 226 154 226
147 235 154 235
147 248 150 249
148 15 151 16
148 20 151 21
148 24 155 24
148 33 155 33
148 36 155 36
148 38 155 38
148 40 151 41
148 49 151 50
148 59 155 59
148 73 155 73
148 77 151 78
148 81 155 81
148 87 155 87
148 89 151 90
148 102 155 102
148 111 155 111
148 124 151 125
148 141 151 142
148 143 151 144
148 145 155 145
148 152 155 152
148 169 151 170
148 179 151 180
148 188 155 188
148 192 155 192
148 204 151 205
148 216 151 217
148 231 151 232
148 242 151 243
148 245 151 246
149 0 156 0
149 3 156 3
149 5 156 5
149 19 156 19
149 34 156 34
149 52 152 53
149 57 152 58
149 88 156 88
149 93 152 94
149 97 156 97
149 98 156 98
149 104 156 104
149 112 156 112
149 115 150 118
149 119 156 119
149 123 156 123
149 127 152 128
149 147 156 147
149 156 150 159
149 162 156 162
149 163 156 163
149 206 156 206
149 209 152 210
149 222 156 222
149 239 152 240
150 1 157 1
150 9 157 9
150 29 151 32
150 37 157 37
150 45 153 46
150 55 157 55
150 63 157 63
150 71 153 72
150 74 157 74
150 80 157 80
150 82 157 82
150 83 157 83
150 85 153 86
150 113 153 114
150 131 157 131
150 136 157 136
150 137 157 137
150 148 157 148
150 153 153 154
150 155 157 155
150 164 153 165
150 168 157 168
150 175 153 176
150 193 157 193
150 200 157 200
150 212 157 212
150 220 157 220
150 227 153 228
150 233 157 233
150 237 153 238
150 247 157 247
151 2 158 2
151 10 154 11
151 13 158 13
151 22 154 23
151 47 154 48
151 64 154 65
151 75 154 76
151 109 158 109
151 115 154 116
151 117 158 117
151 118 158 118
151 138 158 138
151 139 154 140
151 149 154 150
151 157 154 158
151 159 158 159
151 167 158 167
151 173 158 173
151 194 158 194
151 197 154 198
151 219 158 219
151 224 158 224
152 7 159 7
152 15 155 16
152 29 153 32
152 39 153 42
152 50 159 50
152 67 159 67
152 69 159 69
152 70 159 70
152 103 159 103
152 107 159 107
152 110 159 110
152 125 155 126
152 129 155 130
152 133 159 133
152 134 159 134
152 141 155 142
152 143 155 144
152 169 159 169
152 177 159 177
152 186 155 187
152 195 159 195
152 204 159 204
152 215 153 218
152 242 155 243
153 18 160 18
153 52 156 53
153 68 160 68
153 94 160 94
153 99 160 99
153 100 156 101
153 105 160 105
153 127 160 127
153 128 160 128
153 151 160 151
153 156 160 156
153 171 160 171
153 181 156 182
153 183 160 183
153 207 154 210
153 211 160 211
153 229 154 232
153 240 160 240
153 244 156 245
153 248 156 249
154 4 161 4
154 8 161 8
154 26 161 26
154 29 155 32
154 42 157 43
154 46 161 46
154 51 161 51
154 90 155 93
154 108 161 108
154 113 161 113
154 146 161 146
154 153 157 154
154 172 161 172
154 175 157 176
154 178 161 178
154 180 161 180
154 185 161 185
154 191 161 191
154 199 161 199
154 202 157 203
154 215 155 218
154 227 157 228
154 238 161 238
154 246 161 246
155 6 162 6
155 11 158 12
155 20 156 23
155 27 162 27
155 44 158 45
155 54 162 54
155 56 162 56
155 57 162 57
155 64 162 64
155 65 158 66
155 72 162 72
155 75 158 76
155 85 158 86
155 95 158 96
155 115 162 115
155 121 158 122
155 157 158 158
155 160 158 161
155 189 162 189
155 196 162 196
155 205 162 205
155 208 158 209
155 213 162 213
155 225 158 226
155 229 156 232
155 237 162 237
155 241 162 241
156 10 163 10
156 14 163 14
156 17 163 17
156 24 159 25
156 35 159 36
156 38 163 38
156 39 159 40
156 47 163 47
156 59 163 59
156 60 163 60
156 61 163 61
156 79 163 79
156 93 163 93
156 124 163 124
156 125 163 125
156 126 163 126
156 130 163 130
156 142 159 143
156 164 159 165
156 170 163 170
156 179 163 179
156 187 159 188
156 190 163 190
156 197 159 198
156 215 163 215
156 218 163 218
156 234 159 235
157 19 158 22
157 29 160 30
157 31 164 31
157 33 160 34
157 41 164 41
157 48 160 49
157 52 160 53
157 62 164 62
157 87 158 90
157 92 164 92
157 97 164 97
157 98 164 98
157 100 164 100
157 101 160 102
157 116 164 116
157 119 160 120
157 129 164 129
157 139 160 140
157 149 160 150
157 162 160 163
157 181 164 181
157 182 164 182
157 206 160 207
157 210 164 210
157 221 164 221
157 222 164 222
157 230 164 230
157 231 160 232
157 244 164 244
157 248 160 249
158 1 165 1
158 23 165 23
158 55 165 55
158 74 165 74
158 77 161 78
158 80 161 81
158 111 161 112
158 114 165 114
158 132 165 132
158 166 165 166
158 174 161 175
158 216 165 216
158 220 165 220
158 227 161 228
158 233 165 233
159 5 166 5
159 11 162 12
159 15 162 16
159 19 166 19
159 44 166 44
159 45 166 45
159 58 166 58
159 63 166 63
159 65 162 66
159 75 166 75
159 83 162 84
159 88 162 89
159 96 166 96
159 106 166 106
159 122 162 123
159 135 160 138
159 144 166 144
159 152 160 155
159 157 166 157
159 159 162 160
159 161 166 161
159 192 166 192
159 193 162 194
159 214 166 214
159 219 166 219
159 225 162 226
159 236 166 236
160 2 167 2
160 9 167 9
160 21 163 22
160 36 163 37
160 39 167 39
160 50 167 50
160 85 167 85
160 86 163 87
160 95 167 95
160 103 163 104
160 107 167 107
160 109 167 109
160 121 167 121
160 133 167 133
160 143 167 143
160 145 167 145
160 147 163 148
160 165 167 165
160 167 163 168
160 169 167 169
160 176 163 177
160 202 163 203
160 217 167 217
160 229 167 229
160 242 167 242
160 243 167 243
160 247 167 247
161 7 168 7
161 28 164 29
161 32 162 35
161 52 168 52
161 68 164 69
161 71 168 71
161 91 168 91
161 99 168 99
161 101 164 102
161 117 168 117
161 119 168 119
161 128 168 128
161 134 161 141
161 149 162 152
161 162 164 163
161 183 164 184
161 187 164 188
161 195 168 195
161 207 164 208
161 231 168 231
161 235 168 235
162 8 169 8
162 13 169 13
162 25 165 26
162 30 169 30
162 53 169 53
162 73 169 73
162 81 165 82
162 94 169 94
162 131 169 131
162 134 169 134
162 136 163 139
162 141 165 142
162 146 169 146
162 155 169 155
162 178 169 178
162 185 169 185
162 191 169 191
162 197 163 200
162 223 169 223
162 227 165 228
162 238 165 239
162 246 169 246
162 248 169 248
163 12 170 12
163 16 170 16
163 27 170 27
163 51 170 51
163 56 166 57
163 77 170 77
163 88 166 89
163 105 170 105
163 110 170 110
163 111 166 112
163 113 170 113
163 120 170 120
163 135 170 135
163 150 166 151
163 153 166 154
163 158 170 158
163 159 166 160
163 171 166 172
163 174 170 174
163 186 170 186
163 194 170 194
163 204 166 205
163 211 170 211
163 213 170 213
163 225 166 226
164 3 171 3
164 10 167 11
164 34 167 35
164 36 171 36
164 38 171 38
164 42 171 42
164 46 165 49
164 60 167 61
164 78 167 79
164 83 167 84
164 104 171 104
164 108 171 108
164 118 171 118
164 122 167 123
164 124 165 127
164 137 165 140
164 147 167 148
164 167 171 167
164 170 171 170
164 175 167 176
164 189 167 190
164 198 165 201
164 202 171 202
164 203 171 203
164 224 171 224
165 18 172 18
165 40 168 41
165 64 168 65
165 67 166 70
165 72 172 72
165 86 168 87
165 97 172 97
165 101 168 102
165 115 172 115
165 129 168 130
165 156 172 156
165 164 172 164
165 187 172 187
165 193 172 193
165 206 166 209
165 210 172 210
165 221 168 222
165 230 172 230
166 0 169 1
166 4 173 4
166 20 167 23
166 24 169 25
166 28 169 29
166 47 173 47
166 55 173 55
166 62 173 62
166 81 169 82
166 92 173 92
166 126 173 126
166 127 173 127
166 132 173 132
166 137 173 137
166 138 167 141
166 162 173 162
166 179 167 182
166 183 173 183
166 197 167 200
166 220 173 220
166 227 169 228
166 238 173 238
166 240 173 240
167 15 174 15
167 19 174 19
167 44 170 45
167 46 174 46
167 48 174 48
167 56 168 59
167 66 170 67
167 75 170 76
167 80 174 80
167 88 170 89
167 93 174 93
167 96 174 96
167 111 170 112
167 114 174 114
167 116 174 116
167 125 174 125
167 150 170 151
167 157 174 157
167 159 170 160
167 171 174 171
167 184 174 184
167 208 170 209
167 214 174 214
167 215 174 215
167 219 174 219
167 232 174 232
167 236 174 236
167 237 174 237
168 20 169 23
168 31 171 32
168 34 175 34
168 37 175 37
168 84 171 85
168 103 175 103
168 106 175 106
168 141 175 141
168 143 171 144
168 145 175 145
168 147 171 148
168 153 175 153
168 172 171 173
168 175 175 175
168 176 171 177
168 179 171 180
168 182 175 182
168 197 169 200
168 204 175 204
168 206 171 207
168 217 171 218
168 225 175 225
168 229 175 229
168 234 175 234
168 241 175 241
168 242 169 245
169 6 176 6
169 56 176 56
169 57 170 60
169 69 172 70
169 71 176 71
169 78 176 78
169 87 176 87
169 91 176 91
169 98 172 99
169 100 176 100
169 101 176 101
169 102 176 102
169 122 172 123
169 128 176 128
169 130 176 130
169 136 176 136
169 139 176 139
169 142 176 142
169 165 172 166
169 188 176 188
169 205 176 205
169 222 176 222
169 226 176 226
170 0 173 1
170 7 177 7
170 8 173 9
170 10 177 10
170 13 177 13
170 21 173 22
170 29 173 30
170 49 177 49
170 52 173 53
170 54 177 54
170 61 177 61
170 63 173 64
170 68 177 68
170 73 173 74
170 81 177 81
170 82 173 83
170 86 177 86
170 94 177 94
170 138 177 138
170 146 177 146
170 152 177 152
170 168 173 169
170 196 171 199
170 200 177 200
170 201 177 201
170 216 177 216
170 223 177 223
170 227 173 228
170 231 177 231
170 235 177 235
170 242 171 245
171 16 174 17
171 23 174 24
171 25 178 25
171 35 178 35
171 39 178 39
171 40 178 40
171 50 174 51
171 57 172 60
171 65 174 66
171 75 174 76
171 88 178 88
171 89 174 90
171 111 174 112
171 119 174 120
171 131 178 131
171 133 174 134
171 135 178 135
171 158 172 161
171 185 174 186
171 189 174 190
171 191 178 191
171 221 178 221
171 233 178 233
171 248 178 248
171 249 178 249
172 2 175 3
172 27 179 27
172 31 175 32
172 41 175 42
172 44 175 45
172 107 173 110
172 147 173 150
172 151 179 151
172 167 179 167
172 173 179 173
172 176 173 179
172 181 179 181
172 194 173 197
172 199 179 199
172 202 175 203
172 206 173 209
172 242 175 243
172 244 173 247
173 57 174 60
173 84 176 85
173 95 180 95
173 97 180 97
173 98 176 99
173 104 180 104
173 115 180 115
173 123 176 124
173 159 176 160
173 163 176 164
173 165 176 166
173 193 180 193
173 211 180 211
173 217 180 217
173 230 180 230
174 4 181 4
174 8 181 8
174 9 181 9
174 21 181 21
174 30 181 30
174 43 181 43
174 64 181 64
174 69 177 70
174 74 181 74
174 82 177 83
174 107 177 108
174 117 181 117
174 126 181 126
174 127 181 127
174 129 181 129
174 144 181 144
174 147 181 147
174 150 181 150
174 154 177 155
174 168 181 168
174 176 177 177
174 179 181 179
174 180 181 180
174 183 181 183
174 194 177 195
174 197 177 198
174 207 175 210
174 220 181 220
174 224 181 224
174 238 181 238
174 239 177 240
174 245 177 246
175 11 182 11
175 14 176 17
175 19 178 20
175 23 178 24
175 46 178 47
175 51 178 52
175 55 182 55
175 57 178 58
175 59 178 60
175 63 182 63
175 65 182 65
175 72 178 73
175 76 182 76
175 89 178 90
175 92 178 93
175 96 182 96
175 105 182 105
175 109 176 112
175 113 182 113
175 114 182 114
175 116 182 116
175 125 182 125
175 149 182 149
175 156 182 156
175 162 182 162
175 171 182 171
175 184 176 187
175 189 182 189
175 212 176 215
175 218 182 218
175 228 182 228
176 0 179 1
176 2 183 2
176 12 183 12
176 18 183 18
176 26 183 26
176 31 179 32
176 36 179 37
176 44 179 45
176 62 183 62
176 66 183 66
176 75 183 75
176 80 183 80
176 119 179 120
176 134 183 134
176 145 183 145
176 148 183 148
176 157 179 158
176 207 177 210
176 219 183 219
176 234 183 234
176 236 179 237
176 241 179 242
176 243 183 243
177 5 180 6
177 14 178 17
177 28 180 29
177 38 184 38
177 42 184 42
177 84 180 85
177 106 184 106
177 118 184 118
177 121 178 124
177 130 184 130
177 139 184 139
177 142 184 142
177 160 184 160
177 163 178 166
177 174 184 174
177 184 180 185
177 186 184 186
177 192 184 192
177 205 180 206
177 212 180 213
177 226 180 227
177 229 184 229
177 232 184 232
178 3 185 3
178 10 185 10
178 54 185 54
178 56 185 56
178 61 185 61
178 67 179 70
178 71 185 71
178 77 181 78
178 81 181 82
178 86 185 86
178 98 179 101
178 110 185 110
178 137 181 138
178 141 185 141
178 143 185 143
178 146 185 146
178 176 185 176
178 177 181 178
178 187 185 187
178 190 185 190
178 194 179 197
178 204 185 204
178 207 179 210
178 223 185 223
178 239 185 239
179 7 186 7
179 19 182 20
179 23 186 23
179 39 182 40
179 46 180 49
179 50 180 53
179 57 186 57
179 73 186 73
179 79 186 79
179 87 180 90
179 103 186 103
179 108 182 109
179 123 182 124
179 152 186 152
179 163 182 164
179 166 186 166
179 169 186 169
179 201 186 201
179 231 186 231
179 240 186 240
179 245 182 246
179 247 182 248
180 0 183 1
180 13 183 14
180 15 187 15
180 27 187 27
180 31 181 34
180 35 183 36
180 41 187 41
180 58 187 58
180 67 183 68
180 91 183 92
180 94 187 94
180 98 187 98
180 99 181 102
180 119 181 122
180 151 187 151
180 154 187 154
180 159 187 159
180 172 183 173
180 188 187 188
180 195 187 195
180 197 183 198
180 199 183 200
180 202 183 203
180 214 187 214
180 233 187 233
180 237 187 237
181 5 184 6
181 28 184 29
181 50 188 50
181 87 182 90
181 97 188 97
181 111 188 111
181 115 188 115
181 157 188 157
181 167 188 167
181 182 188 182
181 184 184 185
181 193 184 194
181 196 188 196
181 205 188 205
181 209 182 212
181 216 188 216
181 249 188 249
182 4 189 4
182 30 183 33
182 34 189 34
182 37 189 37
182 43 185 44
182 49 189 49
182 74 189 74
182 82 189 82
182 93 189 93
182 99 185 100
182 101 185 102
182 119 183 122
182 126 185 127
182 131 189 131
182 150 189 150
182 153 189 153
182 168 189 168
182 178 183 181
182 207 189 207
182 224 189 224
182 241 185 242
183 8 190 8
183 39 186 40
183 45 190 45
183 48 190 48
183 63 190 63
183 76 186 77
183 78 190 78
183 85 190 85
183 105 190 105
183 116 186 117
183 123 190 123
183 124 190 124
183 135 190 135
183 137 186 138
183 147 190 147
183 156 190 156
183 163 190 163
183 164 186 165
183 170 186 171
183 177 190 177
183 189 190 189
183 209 184 212
183 217 186 218
183 227 186 228
183 238 190 238
183 244 186 245
183 246 186 247
184 0 191 0
184 11 187 12
184 13 187 14
184 16 185 19
184 20 187 21
184 22 191 22
184 30 187 31
184 33 191 33
184 46 187 47
184 52 187 53
184 67 185 70
184 84 191 84
184 89 185 92
184 108 191 108
184 109 191 109
184 112 187 113
184 119 187 120
184 129 191 129
184 144 187 145
184 161 187 162
184 178 185 181
184 197 185 200
184 215 191 215
184 219 187 220
185 5 188 6
185 9 192 9
185 28 188 29
185 32 192 32
185 64 192 64
185 80 188 81
185 106 192 106
185 121 192 121
185 172 186 175
185 183 186 186
185 192 188 193
185 203 192 203
185 206 192 206
185 208 192 208
185 211 188 212
185 221 192 221
186 16 187 19
186 43 189 44
186 55 189 56
186 62 193 62
186 66 187 69
186 71 189 72
186 83 193 83
186 88 187 91
186 99 187 102
186 122 193 122
186 125 193 125
186 126 193 126
186 133 189 134
186 139 187 142
186 143 193 143
186 178 187 181
186 197 189 198
186 204 193 204
186 210 193 210
186 222 189 223
186 239 193 239
186 241 193 241
186 248 193 248
187 25 194 25
187 35 194 35
187 39 194 39
187 42 194 42
187 51 194 51
187 60 194 60
187 76 190 77
187 127 194 127
187 128 194 128
187 130 194 130
187 132 194 132
187 137 194 137
187 138 194 138
187 152 194 152
187 158 194 158
187 165 190 166
187 173 188 176
187 183 188 186
187 202 194 202
187 226 190 227
187 228 188 231
187 234 190 235
187 236 194 236
187 246 190 247
188 7 195 7
188 10 189 13
188 14 188 21
188 26 191 27
188 30 191 31
188 46 195 46
188 52 191 53
188 54 195 54
188 65 189 68
188 73 195 73
188 79 195 79
188 86 195 86
188 90 191 91
188 96 195 96
188 98 191 99
188 101 189 104
188 107 195 107
188 112 191 113
188 116 189 119
188 139 195 139
188 140 191 141
188 142 195 142
188 149 195 149
188 154 191 155
188 159 189 162
188 170 191 171
188 179 195 179
188 180 195 180
188 187 191 188
188 200 195 200
188 209 195 209
188 213 195 213
188 214 195 214
188 217 189 220
188 242 191 243
189 14 192 15
189 16 190 19
189 20 196 20
189 29 196 29
189 40 196 40
189 57 192 58
189 59 196 59
189 69 192 70
189 95 196 95
189 97 196 97
189 146 196 146
189 164 196 164
189 172 196 172
189 175 196 175
189 176 196 176
189 181 190 184
189 191 190 194
189 205 196 205
189 225 196 225
189 228 190 231
189 233 196 233
189 244 192 245
190 2 191 5
190 10 193 11
190 12 193 13
190 34 197 34
190 37 197 37
190 43 193 44
190 47 197 47
190 56 197 56
190 66 197 66
190 67 197 67
190 71 197 71
190 81 193 82
190 87 193 88
190 92 193 93
190 100 193 101
190 102 193 103
190 116 197 116
190 118 197 118
190 131 197 131
190 133 193 134
190 159 191 162
190 168 193 169
190 174 197 174
190 185 197 185
190 195 193 196
190 198 193 199
190 220 197 220
190 222 193 223
190 224 197 224
190 232 197 232
191 16 194 17
191 18 194 19
191 23 194 24
191 61 198 61
191 63 198 63
191 75 192 78
191 85 198 85
191 119 198 119
191 123 194 124
191 145 198 145
191 148 198 148
191 163 198 163
191 177 198 177
191 178 198 178
191 181 192 184
191 186 198 186
191 189 192 192
191 211 194 212
191 216 194 217
191 226 194 227
191 230 194 231
191 234 198 234
191 246 198 246
192 2 193 5
192 22 199 22
192 26 195 27
192 33 199 33
192 49 195 50
192 52 195 53
192 72 199 72
192 90 199 90
192 91 199 91
192 108 195 109
192 111 193 114
192 120 199 120
192 144 199 144
192 147 199 147
192 151 199 151
192 153 195 154
192 159 193 162
192 165 195 166
192 170 195 171
192 187 199 187
192 193 199 193
192 201 199 201
192 207 199 207
192 228 195 229
192 237 199 237
192 240 199 240
193 31 196 32
193 75 194 78
193 181 196 182
193 183 196 184
193 189 196 190
193 242 194 245
194 4 197 5
194 8 194 15
194 43 197 44
194 57 197 58
194 81 197 82
194 98 194 105
194 110 195 113
194 121 197 122
194 133 197 134
194 135 197 136
194 156 197 157
194 167 197 168
194 194 197 195
194 196 197 197
194 238 197 239
194 248 197 249
195 8 195 15
195 74 198 75
195 93 198 94
195 101 196 104
195 127 196 130
195 203 198 204
195 210 198 211
195 215 198 216
195 222 198 223
195 230 198 231
196 0 197 3
196 6 197 9
196 23 197 26
196 41 199 42
196 48 196 55
196 68 199 69
196 76 197 79
196 107 199 108
196 110 197 113
196 137 199 138
196 139 197 142
196 152 199 153
196 158 199 159
196 170 199 171
196 212 199 213
196 227 199 228
196 244 199 245
197 12 197 19
197 29 198 32
197 52 198 55
197 99 198 102
197 103 198 106
197 127 198 130
197 188 198 191
198 0 199 3
198 4 199 7
198 8 198 15
198 37 199 40
198 44 198 51
198 112 199 115
198 173 199 176
198 179 199 182
198 197 199 200
198 217 199 220
199 8 199 15
199 23 199 30
199 48 199 55
199 57 199 64
199 125 199 132
199 160 199 167
199 229 199 236
